MusinsaApplication/app/build/intermediates/manifest_merge_blame_file/debug/manifest-merger-blame-debug-report.txt
1<?xml version="1.0" encoding="utf-8"?>
2<manifest xmlns:android="http://schemas.android.com/apk/res/android"
3    package="com.hyejin.musinsa.musinsaapp"
4    android:versionCode="1"
5    android:versionName="1.0" >
6
7    <uses-sdk
8        android:minSdkVersion="28"
8-->src/main/AndroidManifest.xml
9        android:targetSdkVersion="29" />
9-->src/main/AndroidManifest.xml
10
11    <uses-permission android:name="android.permission.INTERNET" />
11-->src/main/AndroidManifest.xml:5:5-67
11-->src/main/AndroidManifest.xml:5:22-64
12
13    <application
13-->src/main/AndroidManifest.xml:7:5-23:19
14        android:allowBackup="true"
14-->src/main/AndroidManifest.xml:8:9-35
15        android:appComponentFactory="androidx.core.app.CoreComponentFactory"
15-->[androidx.core:core:1.1.0] AndroidManifest.xml:24:18-86
16        android:debuggable="true"
17        android:icon="@mipmap/ic_launcher"
17-->src/main/AndroidManifest.xml:9:9-43
18        android:label="@string/app_name"
18-->src/main/AndroidManifest.xml:10:9-41
19        android:roundIcon="@mipmap/ic_launcher_round"
19-->src/main/AndroidManifest.xml:11:9-54
20        android:supportsRtl="true"
20-->src/main/AndroidManifest.xml:12:9-35
21        android:testOnly="true"
22        android:theme="@style/AppTheme" >
22-->src/main/AndroidManifest.xml:13:9-40
23        <activity android:name="com.hyejin.musinsa.musinsaapp.ui.meeting.MeetingRoomActivity" />
23-->src/main/AndroidManifest.xml:14:9-77
23-->src/main/AndroidManifest.xml:14:19-65
24        <activity android:name="com.hyejin.musinsa.musinsaapp.ui.search.SearchUserActivity" />
24-->src/main/AndroidManifest.xml:15:9-66
24-->src/main/AndroidManifest.xml:15:19-63
25        <activity android:name="com.hyejin.musinsa.musinsaapp.ui.MainActivity" >
25-->src/main/AndroidManifest.xml:16:9-22:20
25-->src/main/AndroidManifest.xml:16:19-50
26            <intent-filter>
26-->src/main/AndroidManifest.xml:17:13-21:29
27                <action android:name="android.intent.action.MAIN" />
27-->src/main/AndroidManifest.xml:18:17-69
27-->src/main/AndroidManifest.xml:18:25-66
28
29                <category android:name="android.intent.category.LAUNCHER" />
29-->src/main/AndroidManifest.xml:20:17-77
29-->src/main/AndroidManifest.xml:20:27-74
30            </intent-filter>
31        </activity>
32
33        <provider
33-->[androidx.lifecycle:lifecycle-process:2.1.0] AndroidManifest.xml:23:9-27:43
34            android:name="androidx.lifecycle.ProcessLifecycleOwnerInitializer"
34-->[androidx.lifecycle:lifecycle-process:2.1.0] AndroidManifest.xml:24:13-79
35            android:authorities="com.hyejin.musinsa.musinsaapp.lifecycle-process"
35-->[androidx.lifecycle:lifecycle-process:2.1.0] AndroidManifest.xml:25:13-69
36            android:exported="false"
36-->[androidx.lifecycle:lifecycle-process:2.1.0] AndroidManifest.xml:26:13-37
37            android:multiprocess="true" />
37-->[androidx.lifecycle:lifecycle-process:2.1.0] AndroidManifest.xml:27:13-40
38    </application>
39
40</manifest>